[09-Jun-2021 10:24:22 UTC] WordPress database error Table 'local.wp_woocommerce_sessions' doesn't exist for query SELECT session_value FROM wp_woocommerce_sessions WHERE session_key = '1' made by require_once('wp-load.php'), require_once('wp-config.php'), require_once('wp-settings.php'), do_action('init'), WP_Hook->do_action, WP_Hook->apply_filters, WooCommerce->init, wc_load_cart, WooCommerce->initialize_session, WC_Session_Handler->init, WC_Session_Handler->init_session_cookie, WC_Session_Handler->get_session_data, WC_Session_Handler->get_session
[09-Jun-2021 10:24:22 UTC] WordPress database error Table 'local.wp_woocommerce_sessions' doesn't exist for query SELECT session_value FROM wp_woocommerce_sessions WHERE session_key = '1' made by require_once('wp-load.php'), require_once('wp-config.php'), require_once('wp-settings.php'), do_action('init'), WP_Hook->do_action, WP_Hook->apply_filters, WooCommerce->init, wc_load_cart, WooCommerce->initialize_session, WC_Session_Handler->init, WC_Session_Handler->init_session_cookie, WC_Session_Handler->get_session_data, WC_Session_Handler->get_session
[09-Jun-2021 10:24:22 UTC] WordPress database error Table 'local.wp_wc_webhooks' doesn't exist for query SELECT webhook_id
				FROM wp_wc_webhooks
				WHERE 1=1
				AND `status` = 'active'
				
				
				
				
				
				ORDER BY webhook_id DESC made by require_once('wp-load.php'), require_once('wp-config.php'), require_once('wp-settings.php'), do_action('init'), WP_Hook->do_action, WP_Hook->apply_filters, WooCommerce->init, WooCommerce->load_webhooks, wc_load_webhooks, WC_Data_Store->__call, WC_Webhook_Data_Store->get_webhooks_ids, WC_Webhook_Data_Store->search_webhooks
[09-Jun-2021 10:24:22 UTC] WordPress database error Table 'local.wp_wc_webhooks' doesn't exist for query SELECT webhook_id
				FROM wp_wc_webhooks
				WHERE 1=1
				AND `status` = 'active'
				
				
				
				
				
				ORDER BY webhook_id DESC made by require_once('wp-load.php'), require_once('wp-config.php'), require_once('wp-settings.php'), do_action('init'), WP_Hook->do_action, WP_Hook->apply_filters, WooCommerce->init, WooCommerce->load_webhooks, wc_load_webhooks, WC_Data_Store->__call, WC_Webhook_Data_Store->get_webhooks_ids, WC_Webhook_Data_Store->search_webhooks
[09-Jun-2021 10:24:22 UTC] WordPress database error Table 'local.wp_woocommerce_attribute_taxonomies' doesn't exist for query SELECT * FROM wp_woocommerce_attribute_taxonomies WHERE attribute_name != '' ORDER BY attribute_name ASC; made by require_once('wp-load.php'), require_once('wp-config.php'), require_once('wp-settings.php'), do_action('init'), WP_Hook->do_action, WP_Hook->apply_filters, WC_Post_Types::register_taxonomies, wc_get_attribute_taxonomies
[09-Jun-2021 10:24:22 UTC] WordPress database error Table 'local.wp_woocommerce_attribute_taxonomies' doesn't exist for query SELECT * FROM wp_woocommerce_attribute_taxonomies WHERE attribute_name != '' ORDER BY attribute_name ASC; made by require_once('wp-load.php'), require_once('wp-config.php'), require_once('wp-settings.php'), do_action('init'), WP_Hook->do_action, WP_Hook->apply_filters, WC_Post_Types::register_taxonomies, wc_get_attribute_taxonomies
[09-Jun-2021 10:24:23 UTC] WordPress database error Table 'wp_woocommerce_sessions' already exists for query 
CREATE TABLE wp_woocommerce_sessions (
  session_id BIGINT UNSIGNED NOT NULL AUTO_INCREMENT,
  session_key char(32) NOT NULL,
  session_value longtext NOT NULL,
  session_expiry BIGINT UNSIGNED NOT NULL,
  PRIMARY KEY  (session_id),
  UNIQUE KEY session_key (session_key)
) DEFAULT CHARACTER SET utf8mb4 COLLATE utf8mb4_unicode_520_ci made by require_once('wp-load.php'), require_once('wp-config.php'), require_once('wp-settings.php'), do_action('init'), WP_Hook->do_action, WP_Hook->apply_filters, WC_Install::check_version, WC_Install::install, WC_Install::create_tables, dbDelta
[09-Jun-2021 10:24:23 UTC] WordPress database error Table 'wp_woocommerce_api_keys' already exists for query 
CREATE TABLE wp_woocommerce_api_keys (
  key_id BIGINT UNSIGNED NOT NULL auto_increment,
  user_id BIGINT UNSIGNED NOT NULL,
  description varchar(200) NULL,
  permissions varchar(10) NOT NULL,
  consumer_key char(64) NOT NULL,
  consumer_secret char(43) NOT NULL,
  nonces longtext NULL,
  truncated_key char(7) NOT NULL,
  last_access datetime NULL default null,
  PRIMARY KEY  (key_id),
  KEY consumer_key (consumer_key),
  KEY consumer_secret (consumer_secret)
) DEFAULT CHARACTER SET utf8mb4 COLLATE utf8mb4_unicode_520_ci made by require_once('wp-load.php'), require_once('wp-config.php'), require_once('wp-settings.php'), do_action('init'), WP_Hook->do_action, WP_Hook->apply_filters, WC_Install::check_version, WC_Install::install, WC_Install::create_tables, dbDelta
[09-Jun-2021 10:24:23 UTC] WordPress database error Table 'wp_woocommerce_attribute_taxonomies' already exists for query 
CREATE TABLE wp_woocommerce_attribute_taxonomies (
  attribute_id BIGINT UNSIGNED NOT NULL auto_increment,
  attribute_name varchar(200) NOT NULL,
  attribute_label varchar(200) NULL,
  attribute_type varchar(20) NOT NULL,
  attribute_orderby varchar(20) NOT NULL,
  attribute_public int(1) NOT NULL DEFAULT 1,
  PRIMARY KEY  (attribute_id),
  KEY attribute_name (attribute_name(20))
) DEFAULT CHARACTER SET utf8mb4 COLLATE utf8mb4_unicode_520_ci made by require_once('wp-load.php'), require_once('wp-config.php'), require_once('wp-settings.php'), do_action('init'), WP_Hook->do_action, WP_Hook->apply_filters, WC_Install::check_version, WC_Install::install, WC_Install::create_tables, dbDelta
[09-Jun-2021 10:24:23 UTC] WordPress database error Table 'wp_woocommerce_downloadable_product_permissions' already exists for query 
CREATE TABLE wp_woocommerce_downloadable_product_permissions (
  permission_id BIGINT UNSIGNED NOT NULL auto_increment,
  download_id varchar(36) NOT NULL,
  product_id BIGINT UNSIGNED NOT NULL,
  order_id BIGINT UNSIGNED NOT NULL DEFAULT 0,
  order_key varchar(200) NOT NULL,
  user_email varchar(200) NOT NULL,
  user_id BIGINT UNSIGNED NULL,
  downloads_remaining varchar(9) NULL,
  access_granted datetime NOT NULL default '0000-00-00 00:00:00',
  access_expires datetime NULL default null,
  download_count BIGINT UNSIGNED NOT NULL DEFAULT 0,
  PRIMARY KEY  (permission_id),
  KEY download_order_key_product (product_id,order_id,order_key(16),download_id),
  KEY download_order_product (download_id,order_id,product_id),
  KEY order_id (order_id),
  KEY user_order_remaining_expires (user_id,order_id,downloads_remaining,access_expires)
) DEFAULT CHARACTER SET utf8mb4 COLLATE utf8mb4_unicode_520_ci made by require_once('wp-load.php'), require_once('wp-config.php'), require_once('wp-settings.php'), do_action('init'), WP_Hook->do_action, WP_Hook->apply_filters, WC_Install::check_version, WC_Install::install, WC_Install::create_tables, dbDelta
[09-Jun-2021 10:24:23 UTC] WordPress database error Table 'wp_woocommerce_order_items' already exists for query 
CREATE TABLE wp_woocommerce_order_items (
  order_item_id BIGINT UNSIGNED NOT NULL auto_increment,
  order_item_name TEXT NOT NULL,
  order_item_type varchar(200) NOT NULL DEFAULT '',
  order_id BIGINT UNSIGNED NOT NULL,
  PRIMARY KEY  (order_item_id),
  KEY order_id (order_id)
) DEFAULT CHARACTER SET utf8mb4 COLLATE utf8mb4_unicode_520_ci made by require_once('wp-load.php'), require_once('wp-config.php'), require_once('wp-settings.php'), do_action('init'), WP_Hook->do_action, WP_Hook->apply_filters, WC_Install::check_version, WC_Install::install, WC_Install::create_tables, dbDelta
[09-Jun-2021 10:24:24 UTC] WordPress database error Table 'wp_woocommerce_order_itemmeta' already exists for query 
CREATE TABLE wp_woocommerce_order_itemmeta (
  meta_id BIGINT UNSIGNED NOT NULL auto_increment,
  order_item_id BIGINT UNSIGNED NOT NULL,
  meta_key varchar(255) default NULL,
  meta_value longtext NULL,
  PRIMARY KEY  (meta_id),
  KEY order_item_id (order_item_id),
  KEY meta_key (meta_key(32))
) DEFAULT CHARACTER SET utf8mb4 COLLATE utf8mb4_unicode_520_ci made by require_once('wp-load.php'), require_once('wp-config.php'), require_once('wp-settings.php'), do_action('init'), WP_Hook->do_action, WP_Hook->apply_filters, WC_Install::check_version, WC_Install::install, WC_Install::create_tables, dbDelta
[09-Jun-2021 10:24:24 UTC] WordPress database error Table 'wp_woocommerce_tax_rates' already exists for query 
CREATE TABLE wp_woocommerce_tax_rates (
  tax_rate_id BIGINT UNSIGNED NOT NULL auto_increment,
  tax_rate_country varchar(2) NOT NULL DEFAULT '',
  tax_rate_state varchar(200) NOT NULL DEFAULT '',
  tax_rate varchar(8) NOT NULL DEFAULT '',
  tax_rate_name varchar(200) NOT NULL DEFAULT '',
  tax_rate_priority BIGINT UNSIGNED NOT NULL,
  tax_rate_compound int(1) NOT NULL DEFAULT 0,
  tax_rate_shipping int(1) NOT NULL DEFAULT 1,
  tax_rate_order BIGINT UNSIGNED NOT NULL,
  tax_rate_class varchar(200) NOT NULL DEFAULT '',
  PRIMARY KEY  (tax_rate_id),
  KEY tax_rate_country (tax_rate_country),
  KEY tax_rate_state (tax_rate_state(2)),
  KEY tax_rate_class (tax_rate_class(10)),
  KEY tax_rate_priority (tax_rate_priority)
) DEFAULT CHARACTER SET utf8mb4 COLLATE utf8mb4_unicode_520_ci made by require_once('wp-load.php'), require_once('wp-config.php'), require_once('wp-settings.php'), do_action('init'), WP_Hook->do_action, WP_Hook->apply_filters, WC_Install::check_version, WC_Install::install, WC_Install::create_tables, dbDelta
[09-Jun-2021 10:24:24 UTC] WordPress database error Table 'wp_woocommerce_tax_rate_locations' already exists for query 
CREATE TABLE wp_woocommerce_tax_rate_locations (
  location_id BIGINT UNSIGNED NOT NULL auto_increment,
  location_code varchar(200) NOT NULL,
  tax_rate_id BIGINT UNSIGNED NOT NULL,
  location_type varchar(40) NOT NULL,
  PRIMARY KEY  (location_id),
  KEY tax_rate_id (tax_rate_id),
  KEY location_type_code (location_type(10),location_code(20))
) DEFAULT CHARACTER SET utf8mb4 COLLATE utf8mb4_unicode_520_ci made by require_once('wp-load.php'), require_once('wp-config.php'), require_once('wp-settings.php'), do_action('init'), WP_Hook->do_action, WP_Hook->apply_filters, WC_Install::check_version, WC_Install::install, WC_Install::create_tables, dbDelta
[09-Jun-2021 10:24:24 UTC] WordPress database error Table 'wp_woocommerce_shipping_zones' already exists for query 
CREATE TABLE wp_woocommerce_shipping_zones (
  zone_id BIGINT UNSIGNED NOT NULL auto_increment,
  zone_name varchar(200) NOT NULL,
  zone_order BIGINT UNSIGNED NOT NULL,
  PRIMARY KEY  (zone_id)
) DEFAULT CHARACTER SET utf8mb4 COLLATE utf8mb4_unicode_520_ci made by require_once('wp-load.php'), require_once('wp-config.php'), require_once('wp-settings.php'), do_action('init'), WP_Hook->do_action, WP_Hook->apply_filters, WC_Install::check_version, WC_Install::install, WC_Install::create_tables, dbDelta
[09-Jun-2021 10:24:24 UTC] WordPress database error Table 'wp_woocommerce_shipping_zone_locations' already exists for query 
CREATE TABLE wp_woocommerce_shipping_zone_locations (
  location_id BIGINT UNSIGNED NOT NULL auto_increment,
  zone_id BIGINT UNSIGNED NOT NULL,
  location_code varchar(200) NOT NULL,
  location_type varchar(40) NOT NULL,
  PRIMARY KEY  (location_id),
  KEY location_id (location_id),
  KEY location_type_code (location_type(10),location_code(20))
) DEFAULT CHARACTER SET utf8mb4 COLLATE utf8mb4_unicode_520_ci made by require_once('wp-load.php'), require_once('wp-config.php'), require_once('wp-settings.php'), do_action('init'), WP_Hook->do_action, WP_Hook->apply_filters, WC_Install::check_version, WC_Install::install, WC_Install::create_tables, dbDelta
[09-Jun-2021 10:24:25 UTC] WordPress database error Table 'wp_woocommerce_shipping_zone_methods' already exists for query 
CREATE TABLE wp_woocommerce_shipping_zone_methods (
  zone_id BIGINT UNSIGNED NOT NULL,
  instance_id BIGINT UNSIGNED NOT NULL auto_increment,
  method_id varchar(200) NOT NULL,
  method_order BIGINT UNSIGNED NOT NULL,
  is_enabled tinyint(1) NOT NULL DEFAULT '1',
  PRIMARY KEY  (instance_id)
) DEFAULT CHARACTER SET utf8mb4 COLLATE utf8mb4_unicode_520_ci made by require_once('wp-load.php'), require_once('wp-config.php'), require_once('wp-settings.php'), do_action('init'), WP_Hook->do_action, WP_Hook->apply_filters, WC_Install::check_version, WC_Install::install, WC_Install::create_tables, dbDelta
[09-Jun-2021 10:24:25 UTC] WordPress database error Table 'wp_woocommerce_payment_tokens' already exists for query 
CREATE TABLE wp_woocommerce_payment_tokens (
  token_id BIGINT UNSIGNED NOT NULL auto_increment,
  gateway_id varchar(200) NOT NULL,
  token text NOT NULL,
  user_id BIGINT UNSIGNED NOT NULL DEFAULT '0',
  type varchar(200) NOT NULL,
  is_default tinyint(1) NOT NULL DEFAULT '0',
  PRIMARY KEY  (token_id),
  KEY user_id (user_id)
) DEFAULT CHARACTER SET utf8mb4 COLLATE utf8mb4_unicode_520_ci made by require_once('wp-load.php'), require_once('wp-config.php'), require_once('wp-settings.php'), do_action('init'), WP_Hook->do_action, WP_Hook->apply_filters, WC_Install::check_version, WC_Install::install, WC_Install::create_tables, dbDelta
[09-Jun-2021 10:24:25 UTC] WordPress database error Table 'wp_woocommerce_payment_tokenmeta' already exists for query 
CREATE TABLE wp_woocommerce_payment_tokenmeta (
  meta_id BIGINT UNSIGNED NOT NULL auto_increment,
  payment_token_id BIGINT UNSIGNED NOT NULL,
  meta_key varchar(255) NULL,
  meta_value longtext NULL,
  PRIMARY KEY  (meta_id),
  KEY payment_token_id (payment_token_id),
  KEY meta_key (meta_key(32))
) DEFAULT CHARACTER SET utf8mb4 COLLATE utf8mb4_unicode_520_ci made by require_once('wp-load.php'), require_once('wp-config.php'), require_once('wp-settings.php'), do_action('init'), WP_Hook->do_action, WP_Hook->apply_filters, WC_Install::check_version, WC_Install::install, WC_Install::create_tables, dbDelta
[09-Jun-2021 10:24:25 UTC] WordPress database error Table 'wp_woocommerce_log' already exists for query 
CREATE TABLE wp_woocommerce_log (
  log_id BIGINT UNSIGNED NOT NULL AUTO_INCREMENT,
  timestamp datetime NOT NULL,
  level smallint(4) NOT NULL,
  source varchar(200) NOT NULL,
  message longtext NOT NULL,
  context longtext NULL,
  PRIMARY KEY (log_id),
  KEY level (level)
) DEFAULT CHARACTER SET utf8mb4 COLLATE utf8mb4_unicode_520_ci made by require_once('wp-load.php'), require_once('wp-config.php'), require_once('wp-settings.php'), do_action('init'), WP_Hook->do_action, WP_Hook->apply_filters, WC_Install::check_version, WC_Install::install, WC_Install::create_tables, dbDelta
[09-Jun-2021 10:24:25 UTC] WordPress database error Table 'wp_wc_webhooks' already exists for query 
CREATE TABLE wp_wc_webhooks (
  webhook_id BIGINT UNSIGNED NOT NULL AUTO_INCREMENT,
  status varchar(200) NOT NULL,
  name text NOT NULL,
  user_id BIGINT UNSIGNED NOT NULL,
  delivery_url text NOT NULL,
  secret text NOT NULL,
  topic varchar(200) NOT NULL,
  date_created datetime NOT NULL DEFAULT '0000-00-00 00:00:00',
  date_created_gmt datetime NOT NULL DEFAULT '0000-00-00 00:00:00',
  date_modified datetime NOT NULL DEFAULT '0000-00-00 00:00:00',
  date_modified_gmt datetime NOT NULL DEFAULT '0000-00-00 00:00:00',
  api_version smallint(4) NOT NULL,
  failure_count smallint(10) NOT NULL DEFAULT '0',
  pending_delivery tinyint(1) NOT NULL DEFAULT '0',
  PRIMARY KEY  (webhook_id),
  KEY user_id (user_id)
) DEFAULT CHARACTER SET utf8mb4 COLLATE utf8mb4_unicode_520_ci made by require_once('wp-load.php'), require_once('wp-config.php'), require_once('wp-settings.php'), do_action('init'), WP_Hook->do_action, WP_Hook->apply_filters, WC_Install::check_version, WC_Install::install, WC_Install::create_tables, dbDelta
[09-Jun-2021 10:24:25 UTC] WordPress database error Table 'wp_wc_download_log' already exists for query 
CREATE TABLE wp_wc_download_log (
  download_log_id BIGINT UNSIGNED NOT NULL AUTO_INCREMENT,
  timestamp datetime NOT NULL,
  permission_id BIGINT UNSIGNED NOT NULL,
  user_id BIGINT UNSIGNED NULL,
  user_ip_address VARCHAR(100) NULL DEFAULT '',
  PRIMARY KEY  (download_log_id),
  KEY permission_id (permission_id),
  KEY timestamp (timestamp)
) DEFAULT CHARACTER SET utf8mb4 COLLATE utf8mb4_unicode_520_ci made by require_once('wp-load.php'), require_once('wp-config.php'), require_once('wp-settings.php'), do_action('init'), WP_Hook->do_action, WP_Hook->apply_filters, WC_Install::check_version, WC_Install::install, WC_Install::create_tables, dbDelta
[09-Jun-2021 10:24:26 UTC] WordPress database error Table 'wp_wc_product_meta_lookup' already exists for query 
CREATE TABLE wp_wc_product_meta_lookup (
  `product_id` bigint(20) NOT NULL,
  `sku` varchar(100) NULL default '',
  `virtual` tinyint(1) NULL default 0,
  `downloadable` tinyint(1) NULL default 0,
  `min_price` decimal(19,4) NULL default NULL,
  `max_price` decimal(19,4) NULL default NULL,
  `onsale` tinyint(1) NULL default 0,
  `stock_quantity` double NULL default NULL,
  `stock_status` varchar(100) NULL default 'instock',
  `rating_count` bigint(20) NULL default 0,
  `average_rating` decimal(3,2) NULL default 0.00,
  `total_sales` bigint(20) NULL default 0,
  `tax_status` varchar(100) NULL default 'taxable',
  `tax_class` varchar(100) NULL default '',
  PRIMARY KEY  (`product_id`),
  KEY `virtual` (`virtual`),
  KEY `downloadable` (`downloadable`),
  KEY `stock_status` (`stock_status`),
  KEY `stock_quantity` (`stock_quantity`),
  KEY `onsale` (`onsale`),
  KEY min_max_price (`min_price`, `max_price`)
) DEFAULT CHARACTER SET utf8mb4 COLLATE utf8mb4_unicode_520_ci made by require_once('wp-load.php'), require_once('wp-config.php'), require_once('wp-settings.php'), do_action('init'), WP_Hook->do_action, WP_Hook->apply_filters, WC_Install::check_version, WC_Install::install, WC_Install::create_tables, dbDelta
[09-Jun-2021 10:24:26 UTC] WordPress database error Table 'wp_wc_tax_rate_classes' already exists for query 
CREATE TABLE wp_wc_tax_rate_classes (
  tax_rate_class_id BIGINT UNSIGNED NOT NULL auto_increment,
  name varchar(200) NOT NULL DEFAULT '',
  slug varchar(200) NOT NULL DEFAULT '',
  PRIMARY KEY  (tax_rate_class_id),
  UNIQUE KEY slug (slug(191))
) DEFAULT CHARACTER SET utf8mb4 COLLATE utf8mb4_unicode_520_ci made by require_once('wp-load.php'), require_once('wp-config.php'), require_once('wp-settings.php'), do_action('init'), WP_Hook->do_action, WP_Hook->apply_filters, WC_Install::check_version, WC_Install::install, WC_Install::create_tables, dbDelta
[09-Jun-2021 10:24:26 UTC] WordPress database error Table 'wp_wc_reserved_stock' already exists for query 
CREATE TABLE wp_wc_reserved_stock (
	`order_id` bigint(20) NOT NULL,
	`product_id` bigint(20) NOT NULL,
	`stock_quantity` double NOT NULL DEFAULT 0,
	`timestamp` datetime NOT NULL DEFAULT '0000-00-00 00:00:00',
	`expires` datetime NOT NULL DEFAULT '0000-00-00 00:00:00',
	PRIMARY KEY  (`order_id`, `product_id`)
) DEFAULT CHARACTER SET utf8mb4 COLLATE utf8mb4_unicode_520_ci made by require_once('wp-load.php'), require_once('wp-config.php'), require_once('wp-settings.php'), do_action('init'), WP_Hook->do_action, WP_Hook->apply_filters, WC_Install::check_version, WC_Install::install, WC_Install::create_tables, dbDelta
[09-Jun-2021 10:24:26 UTC] WordPress database error Duplicate key name 'woo_idx_comment_type' for query ALTER TABLE wp_comments ADD INDEX woo_idx_comment_type (comment_type) made by require_once('wp-load.php'), require_once('wp-config.php'), require_once('wp-settings.php'), do_action('init'), WP_Hook->do_action, WP_Hook->apply_filters, WC_Install::check_version, WC_Install::install, WC_Install::create_tables
[09-Jun-2021 10:24:26 UTC] WordPress database error Duplicate foreign key constraint name 'fk_wp_wc_download_log_permission_id' for query ALTER TABLE `wp_wc_download_log`
					ADD CONSTRAINT `fk_wp_wc_download_log_permission_id`
					FOREIGN KEY (`permission_id`)
					REFERENCES `wp_woocommerce_downloadable_product_permissions` (`permission_id`) ON DELETE CASCADE; made by require_once('wp-load.php'), require_once('wp-config.php'), require_once('wp-settings.php'), do_action('init'), WP_Hook->do_action, WP_Hook->apply_filters, WC_Install::check_version, WC_Install::install, WC_Install::create_tables
[09-Jun-2021 10:24:28 UTC] WordPress database error Duplicate entry 'reduced-rate' for key 'slug' for query INSERT INTO `wp_wc_tax_rate_classes` (`name`, `slug`) VALUES ('Reduced rate', 'reduced-rate') made by require_once('wp-load.php'), require_once('wp-config.php'), require_once('wp-settings.php'), do_action('init'), WP_Hook->do_action, WP_Hook->apply_filters, WC_Install::check_version, WC_Install::install, WC_Install::create_options, WC_Tax::create_tax_class
[09-Jun-2021 10:24:28 UTC] WordPress database error Duplicate entry 'zero-rate' for key 'slug' for query INSERT INTO `wp_wc_tax_rate_classes` (`name`, `slug`) VALUES ('Zero rate', 'zero-rate') made by require_once('wp-load.php'), require_once('wp-config.php'), require_once('wp-settings.php'), do_action('init'), WP_Hook->do_action, WP_Hook->apply_filters, WC_Install::check_version, WC_Install::install, WC_Install::create_options, WC_Tax::create_tax_class
[09-Jun-2021 10:24:38 UTC] WordPress database error Table 'wp_wc_order_stats' already exists for query 
		CREATE TABLE wp_wc_order_stats (
			order_id bigint(20) unsigned NOT NULL,
			parent_id bigint(20) unsigned DEFAULT 0 NOT NULL,
			date_created datetime DEFAULT '0000-00-00 00:00:00' NOT NULL,
			date_created_gmt datetime DEFAULT '0000-00-00 00:00:00' NOT NULL,
			num_items_sold int(11) DEFAULT 0 NOT NULL,
			total_sales double DEFAULT 0 NOT NULL,
			tax_total double DEFAULT 0 NOT NULL,
			shipping_total double DEFAULT 0 NOT NULL,
			net_total double DEFAULT 0 NOT NULL,
			returning_customer boolean DEFAULT NULL,
			status varchar(200) NOT NULL,
			customer_id BIGINT UNSIGNED NOT NULL,
			PRIMARY KEY (order_id),
			KEY date_created (date_created),
			KEY customer_id (customer_id),
			KEY status (status(191))
		) DEFAULT CHARACTER SET utf8mb4 COLLATE utf8mb4_unicode_520_ci made by require_once('wp-load.php'), require_once('wp-config.php'), require_once('wp-settings.php'), do_action('init'), WP_Hook->do_action, WP_Hook->apply_filters, Automattic\WooCommerce\Admin\Install::check_version, Automattic\WooCommerce\Admin\Install::install, Automattic\WooCommerce\Admin\Install::create_tables, dbDelta
[09-Jun-2021 10:24:38 UTC] WordPress database error Table 'wp_wc_order_product_lookup' already exists for query 
		CREATE TABLE wp_wc_order_product_lookup (
			order_item_id BIGINT UNSIGNED NOT NULL,
			order_id BIGINT UNSIGNED NOT NULL,
			product_id BIGINT UNSIGNED NOT NULL,
			variation_id BIGINT UNSIGNED NOT NULL,
			customer_id BIGINT UNSIGNED NULL,
			date_created datetime DEFAULT '0000-00-00 00:00:00' NOT NULL,
			product_qty INT NOT NULL,
			product_net_revenue double DEFAULT 0 NOT NULL,
			product_gross_revenue double DEFAULT 0 NOT NULL,
			coupon_amount double DEFAULT 0 NOT NULL,
			tax_amount double DEFAULT 0 NOT NULL,
			shipping_amount double DEFAULT 0 NOT NULL,
			shipping_tax_amount double DEFAULT 0 NOT NULL,
			PRIMARY KEY  (order_item_id),
			KEY order_id (order_id),
			KEY product_id (product_id),
			KEY customer_id (customer_id),
			KEY date_created (date_created)
		) DEFAULT CHARACTER SET utf8mb4 COLLATE utf8mb4_unicode_520_ci made by require_once('wp-load.php'), require_once('wp-config.php'), require_once('wp-settings.php'), do_action('init'), WP_Hook->do_action, WP_Hook->apply_filters, Automattic\WooCommerce\Admin\Install::check_version, Automattic\WooCommerce\Admin\Install::install, Automattic\WooCommerce\Admin\Install::create_tables, dbDelta
[09-Jun-2021 10:24:38 UTC] WordPress database error Table 'wp_wc_order_tax_lookup' already exists for query 
		CREATE TABLE wp_wc_order_tax_lookup (
			order_id BIGINT UNSIGNED NOT NULL,
			tax_rate_id BIGINT UNSIGNED NOT NULL,
			date_created datetime DEFAULT '0000-00-00 00:00:00' NOT NULL,
			shipping_tax double DEFAULT 0 NOT NULL,
			order_tax double DEFAULT 0 NOT NULL,
			total_tax double DEFAULT 0 NOT NULL,
			PRIMARY KEY (order_id, tax_rate_id),
			KEY tax_rate_id (tax_rate_id),
			KEY date_created (date_created)
		) DEFAULT CHARACTER SET utf8mb4 COLLATE utf8mb4_unicode_520_ci made by require_once('wp-load.php'), require_once('wp-config.php'), require_once('wp-settings.php'), do_action('init'), WP_Hook->do_action, WP_Hook->apply_filters, Automattic\WooCommerce\Admin\Install::check_version, Automattic\WooCommerce\Admin\Install::install, Automattic\WooCommerce\Admin\Install::create_tables, dbDelta
[09-Jun-2021 10:24:39 UTC] WordPress database error Table 'wp_wc_order_coupon_lookup' already exists for query 
		CREATE TABLE wp_wc_order_coupon_lookup (
			order_id BIGINT UNSIGNED NOT NULL,
			coupon_id BIGINT NOT NULL,
			date_created datetime DEFAULT '0000-00-00 00:00:00' NOT NULL,
			discount_amount double DEFAULT 0 NOT NULL,
			PRIMARY KEY (order_id, coupon_id),
			KEY coupon_id (coupon_id),
			KEY date_created (date_created)
		) DEFAULT CHARACTER SET utf8mb4 COLLATE utf8mb4_unicode_520_ci made by require_once('wp-load.php'), require_once('wp-config.php'), require_once('wp-settings.php'), do_action('init'), WP_Hook->do_action, WP_Hook->apply_filters, Automattic\WooCommerce\Admin\Install::check_version, Automattic\WooCommerce\Admin\Install::install, Automattic\WooCommerce\Admin\Install::create_tables, dbDelta
[09-Jun-2021 10:24:39 UTC] WordPress database error Table 'wp_wc_admin_notes' already exists for query 
		CREATE TABLE wp_wc_admin_notes (
			note_id BIGINT UNSIGNED NOT NULL AUTO_INCREMENT,
			name varchar(255) NOT NULL,
			type varchar(20) NOT NULL,
			locale varchar(20) NOT NULL,
			title longtext NOT NULL,
			content longtext NOT NULL,
			content_data longtext NULL default null,
			status varchar(200) NOT NULL,
			source varchar(200) NOT NULL,
			date_created datetime NOT NULL default '0000-00-00 00:00:00',
			date_reminder datetime NULL default null,
			is_snoozable boolean DEFAULT 0 NOT NULL,
			layout varchar(20) DEFAULT '' NOT NULL,
			image varchar(200) NULL DEFAULT NULL,
			is_deleted boolean DEFAULT 0 NOT NULL,
			icon varchar(200) NOT NULL default 'info',
			PRIMARY KEY (note_id)
		) DEFAULT CHARACTER SET utf8mb4 COLLATE utf8mb4_unicode_520_ci made by require_once('wp-load.php'), require_once('wp-config.php'), require_once('wp-settings.php'), do_action('init'), WP_Hook->do_action, WP_Hook->apply_filters, Automattic\WooCommerce\Admin\Install::check_version, Automattic\WooCommerce\Admin\Install::install, Automattic\WooCommerce\Admin\Install::create_tables, dbDelta
[09-Jun-2021 10:24:39 UTC] WordPress database error Table 'wp_wc_admin_note_actions' already exists for query 
		CREATE TABLE wp_wc_admin_note_actions (
			action_id BIGINT UNSIGNED NOT NULL AUTO_INCREMENT,
			note_id BIGINT UNSIGNED NOT NULL,
			name varchar(255) NOT NULL,
			label varchar(255) NOT NULL,
			query longtext NOT NULL,
			status varchar(255) NOT NULL,
			is_primary boolean DEFAULT 0 NOT NULL,
			actioned_text varchar(255) NOT NULL,
			nonce_action varchar(255) NULL DEFAULT NULL,
			nonce_name varchar(255) NULL DEFAULT NULL,
			PRIMARY KEY (action_id),
			KEY note_id (note_id)
		) DEFAULT CHARACTER SET utf8mb4 COLLATE utf8mb4_unicode_520_ci made by require_once('wp-load.php'), require_once('wp-config.php'), require_once('wp-settings.php'), do_action('init'), WP_Hook->do_action, WP_Hook->apply_filters, Automattic\WooCommerce\Admin\Install::check_version, Automattic\WooCommerce\Admin\Install::install, Automattic\WooCommerce\Admin\Install::create_tables, dbDelta
[09-Jun-2021 10:24:39 UTC] WordPress database error Table 'wp_wc_customer_lookup' already exists for query 
		CREATE TABLE wp_wc_customer_lookup (
			customer_id BIGINT UNSIGNED NOT NULL AUTO_INCREMENT,
			user_id BIGINT UNSIGNED DEFAULT NULL,
			username varchar(60) DEFAULT '' NOT NULL,
			first_name varchar(255) NOT NULL,
			last_name varchar(255) NOT NULL,
			email varchar(100) NULL default NULL,
			date_last_active timestamp NULL default null,
			date_registered timestamp NULL default null,
			country char(2) DEFAULT '' NOT NULL,
			postcode varchar(20) DEFAULT '' NOT NULL,
			city varchar(100) DEFAULT '' NOT NULL,
			state varchar(100) DEFAULT '' NOT NULL,
			PRIMARY KEY (customer_id),
			UNIQUE KEY user_id (user_id),
			KEY email (email)
		) DEFAULT CHARACTER SET utf8mb4 COLLATE utf8mb4_unicode_520_ci made by require_once('wp-load.php'), require_once('wp-config.php'), require_once('wp-settings.php'), do_action('init'), WP_Hook->do_action, WP_Hook->apply_filters, Automattic\WooCommerce\Admin\Install::check_version, Automattic\WooCommerce\Admin\Install::install, Automattic\WooCommerce\Admin\Install::create_tables, dbDelta
[09-Jun-2021 10:24:39 UTC] WordPress database error Table 'wp_wc_category_lookup' already exists for query 
		CREATE TABLE wp_wc_category_lookup (
			category_tree_id BIGINT UNSIGNED NOT NULL,
			category_id BIGINT UNSIGNED NOT NULL,
			PRIMARY KEY (category_tree_id,category_id)
		) DEFAULT CHARACTER SET utf8mb4 COLLATE utf8mb4_unicode_520_ci made by require_once('wp-load.php'), require_once('wp-config.php'), require_once('wp-settings.php'), do_action('init'), WP_Hook->do_action, WP_Hook->apply_filters, Automattic\WooCommerce\Admin\Install::check_version, Automattic\WooCommerce\Admin\Install::install, Automattic\WooCommerce\Admin\Install::create_tables, dbDelta
[09-Jun-2021 10:26:24 UTC] PHP Fatal error:  Uncaught Error: Maximum function nesting level of '256' reached, aborting! in C:\Users\Youcode\Local Sites\ecommercesite\app\public\wp-includes\class-wp-object-cache.php:493
Stack trace:
#0 C:\Users\Youcode\Local Sites\ecommercesite\app\public\wp-includes\class-wp-object-cache.php(290): WP_Object_Cache->_exists('alloptions', 'options')
#1 C:\Users\Youcode\Local Sites\ecommercesite\app\public\wp-includes\cache.php(125): WP_Object_Cache->get('alloptions', 'options', false, NULL)
#2 C:\Users\Youcode\Local Sites\ecommercesite\app\public\wp-includes\option.php(231): wp_cache_get('alloptions', 'options', false)
#3 C:\Users\Youcode\Local Sites\ecommercesite\app\public\wp-includes\option.php(117): wp_load_alloptions()
#4 C:\Users\Youcode\Local Sites\ecommercesite\app\public\wp-includes\link-template.php(3266): get_option('home')
#5 C:\Users\Youcode\Local Sites\ecommercesite\app\public\wp-includes\link-template.php(3244): get_home_url(NULL, '', NULL)
#6 C:\Users\Youcode\Local Sites\ecommercesite\app\public\wp-includes in C:\Users\Youcode\Local Sites\ecommercesite\app\public\wp-includes\class-wp-object-cache.php on line 493
[09-Jun-2021 10:50:05 UTC] WordPress database error Duplicate entry '1' for key 'PRIMARY' for query INSERT INTO wp_cartflows_ca_email_templates (`id`, `template_name`, `email_subject`, `email_body`, `frequency`, `frequency_unit`) 
				   VALUES ( 1, 'Sample Email Template 1', 'Purchase issue?', '<p>Hi {{customer.firstname}}!</p><p>We\\\'re having trouble processing your recent purchase. Would you mind completing it?</p><p>Here\\\'s a link to continue where you left off:</p><p><a href=\'{{cart.checkout_url}}\' target=\'_blank\' rel=\'noopener\'> Continue Your Purchase Now </a></p><p>Kindly,<br />{{admin.firstname}}<br />{{admin.company}}</p><p>{{cart.unsubscribe}}</p>', 30, 'MINUTE' ) made by do_action('admin_init'), WP_Hook->do_action, WP_Hook->apply_filters, Cartflows_Ca_Update::init, Cartflows_Ca_Update::update_table_with_default_settings, CARTFLOWS_CA_Loader->initialize_cart_abandonment_tables, Cartflows_Ca_Cart_Abandonment_Db->template_table_seeder
[09-Jun-2021 10:50:06 UTC] WordPress database error Duplicate entry '1' for key 'PRIMARY' for query INSERT INTO wp_cartflows_ca_email_templates_meta ( `id`, `email_template_id`, `meta_key`, `meta_value` ) 
						   VALUES ( 1, 0, 'override_global_coupon', '' ) made by do_action('admin_init'), WP_Hook->do_action, WP_Hook->apply_filters, Cartflows_Ca_Update::init, Cartflows_Ca_Update::update_table_with_default_settings, CARTFLOWS_CA_Loader->initialize_cart_abandonment_tables, Cartflows_Ca_Cart_Abandonment_Db->template_table_seeder
[09-Jun-2021 10:50:06 UTC] WordPress database error Duplicate entry '2' for key 'PRIMARY' for query INSERT INTO wp_cartflows_ca_email_templates_meta ( `id`, `email_template_id`, `meta_key`, `meta_value` ) 
						   VALUES ( 2, 0, 'discount_type', 'percent' ) made by do_action('admin_init'), WP_Hook->do_action, WP_Hook->apply_filters, Cartflows_Ca_Update::init, Cartflows_Ca_Update::update_table_with_default_settings, CARTFLOWS_CA_Loader->initialize_cart_abandonment_tables, Cartflows_Ca_Cart_Abandonment_Db->template_table_seeder
[09-Jun-2021 10:50:06 UTC] WordPress database error Duplicate entry '3' for key 'PRIMARY' for query INSERT INTO wp_cartflows_ca_email_templates_meta ( `id`, `email_template_id`, `meta_key`, `meta_value` ) 
						   VALUES ( 3, 0, 'coupon_amount', '10' ) made by do_action('admin_init'), WP_Hook->do_action, WP_Hook->apply_filters, Cartflows_Ca_Update::init, Cartflows_Ca_Update::update_table_with_default_settings, CARTFLOWS_CA_Loader->initialize_cart_abandonment_tables, Cartflows_Ca_Cart_Abandonment_Db->template_table_seeder
[09-Jun-2021 10:50:06 UTC] WordPress database error Duplicate entry '4' for key 'PRIMARY' for query INSERT INTO wp_cartflows_ca_email_templates_meta ( `id`, `email_template_id`, `meta_key`, `meta_value` ) 
						   VALUES ( 4, 0, 'coupon_expiry_date', '' ) made by do_action('admin_init'), WP_Hook->do_action, WP_Hook->apply_filters, Cartflows_Ca_Update::init, Cartflows_Ca_Update::update_table_with_default_settings, CARTFLOWS_CA_Loader->initialize_cart_abandonment_tables, Cartflows_Ca_Cart_Abandonment_Db->template_table_seeder
[09-Jun-2021 10:50:06 UTC] WordPress database error Duplicate entry '5' for key 'PRIMARY' for query INSERT INTO wp_cartflows_ca_email_templates_meta ( `id`, `email_template_id`, `meta_key`, `meta_value` ) 
						   VALUES ( 5, 0, 'coupon_expiry_unit', 'hours' ) made by do_action('admin_init'), WP_Hook->do_action, WP_Hook->apply_filters, Cartflows_Ca_Update::init, Cartflows_Ca_Update::update_table_with_default_settings, CARTFLOWS_CA_Loader->initialize_cart_abandonment_tables, Cartflows_Ca_Cart_Abandonment_Db->template_table_seeder
[09-Jun-2021 10:50:06 UTC] WordPress database error Duplicate entry '2' for key 'PRIMARY' for query INSERT INTO wp_cartflows_ca_email_templates (`id`, `template_name`, `email_subject`, `email_body`, `frequency`, `frequency_unit`) 
				   VALUES ( 2, 'Sample Email Template 2', 'Need help?', '<p>Hi {{customer.firstname}}!</p><p>I\'m {{admin.firstname}}, and I help handle customer issues at {{admin.company}}.</p><p>I just noticed that you tried to make a purchase, but unfortunately, there was some trouble. Is there anything I can do to help?</p><p>You should be able to complete your checkout in less than a minute:<br /><a href=\'{{cart.checkout_url}}\' target=\'_blank\' rel=\'noopener\'> Click here to continue your purchase </a><p><p>Thanks!<br />{{admin.firstname}}<br />{{admin.company}}</p><p>{{cart.unsubscribe}}</p>', 1, 'DAY' ) made by do_action('admin_init'), WP_Hook->do_action, WP_Hook->apply_filters, Cartflows_Ca_Update::init, Cartflows_Ca_Update::update_table_with_default_settings, CARTFLOWS_CA_Loader->initialize_cart_abandonment_tables, Cartflows_Ca_Cart_Abandonment_Db->template_table_seeder
[09-Jun-2021 10:50:06 UTC] WordPress database error Duplicate entry '6' for key 'PRIMARY' for query INSERT INTO wp_cartflows_ca_email_templates_meta ( `id`, `email_template_id`, `meta_key`, `meta_value` ) 
						   VALUES ( 6, 0, 'override_global_coupon', '' ) made by do_action('admin_init'), WP_Hook->do_action, WP_Hook->apply_filters, Cartflows_Ca_Update::init, Cartflows_Ca_Update::update_table_with_default_settings, CARTFLOWS_CA_Loader->initialize_cart_abandonment_tables, Cartflows_Ca_Cart_Abandonment_Db->template_table_seeder
[09-Jun-2021 10:50:06 UTC] WordPress database error Duplicate entry '7' for key 'PRIMARY' for query INSERT INTO wp_cartflows_ca_email_templates_meta ( `id`, `email_template_id`, `meta_key`, `meta_value` ) 
						   VALUES ( 7, 0, 'discount_type', 'percent' ) made by do_action('admin_init'), WP_Hook->do_action, WP_Hook->apply_filters, Cartflows_Ca_Update::init, Cartflows_Ca_Update::update_table_with_default_settings, CARTFLOWS_CA_Loader->initialize_cart_abandonment_tables, Cartflows_Ca_Cart_Abandonment_Db->template_table_seeder
[09-Jun-2021 10:50:06 UTC] WordPress database error Duplicate entry '8' for key 'PRIMARY' for query INSERT INTO wp_cartflows_ca_email_templates_meta ( `id`, `email_template_id`, `meta_key`, `meta_value` ) 
						   VALUES ( 8, 0, 'coupon_amount', '10' ) made by do_action('admin_init'), WP_Hook->do_action, WP_Hook->apply_filters, Cartflows_Ca_Update::init, Cartflows_Ca_Update::update_table_with_default_settings, CARTFLOWS_CA_Loader->initialize_cart_abandonment_tables, Cartflows_Ca_Cart_Abandonment_Db->template_table_seeder
[09-Jun-2021 10:50:06 UTC] WordPress database error Duplicate entry '9' for key 'PRIMARY' for query INSERT INTO wp_cartflows_ca_email_templates_meta ( `id`, `email_template_id`, `meta_key`, `meta_value` ) 
						   VALUES ( 9, 0, 'coupon_expiry_date', '' ) made by do_action('admin_init'), WP_Hook->do_action, WP_Hook->apply_filters, Cartflows_Ca_Update::init, Cartflows_Ca_Update::update_table_with_default_settings, CARTFLOWS_CA_Loader->initialize_cart_abandonment_tables, Cartflows_Ca_Cart_Abandonment_Db->template_table_seeder
[09-Jun-2021 10:50:06 UTC] WordPress database error Duplicate entry '10' for key 'PRIMARY' for query INSERT INTO wp_cartflows_ca_email_templates_meta ( `id`, `email_template_id`, `meta_key`, `meta_value` ) 
						   VALUES ( 10, 0, 'coupon_expiry_unit', 'hours' ) made by do_action('admin_init'), WP_Hook->do_action, WP_Hook->apply_filters, Cartflows_Ca_Update::init, Cartflows_Ca_Update::update_table_with_default_settings, CARTFLOWS_CA_Loader->initialize_cart_abandonment_tables, Cartflows_Ca_Cart_Abandonment_Db->template_table_seeder
[09-Jun-2021 10:50:06 UTC] WordPress database error Duplicate entry '3' for key 'PRIMARY' for query INSERT INTO wp_cartflows_ca_email_templates (`id`, `template_name`, `email_subject`, `email_body`, `frequency`, `frequency_unit`) 
				   VALUES ( 3, 'Sample Email Template 3', 'Exclusive discount for you. Let\'s get things started!', '<p>Few days back you left {{cart.product.names}} in your cart.</p><p>To help make up your mind, we have added an exclusive 10% discount coupon {{cart.coupon_code}} to your cart.</p><p><a href=\'{{cart.checkout_url}}\' target=\'_blank\' rel=\'noopener\'>Complete Your Purchase Now &gt;&gt;</a></p><p>Hurry! This is a onetime offer and will expire in 24 Hours.</p><p>In case you couldn\\\'t finish your order due to technical difficulties or because you need some help, just reply to this email we will be happy to help.</p><p>Kind Regards,<br />{{admin.firstname}}<br />{{admin.company}}</p><p>{{cart.unsubscribe}}</p>', 3, 'DAY' ) made by do_action('admin_init'), WP_Hook->do_action, WP_Hook->apply_filters, Cartflows_Ca_Update::init, Cartflows_Ca_Update::update_table_with_default_settings, CARTFLOWS_CA_Loader->initialize_cart_abandonment_tables, Cartflows_Ca_Cart_Abandonment_Db->template_table_seeder
[09-Jun-2021 10:50:06 UTC] WordPress database error Duplicate entry '11' for key 'PRIMARY' for query INSERT INTO wp_cartflows_ca_email_templates_meta ( `id`, `email_template_id`, `meta_key`, `meta_value` ) 
						   VALUES ( 11, 0, 'override_global_coupon', '' ) made by do_action('admin_init'), WP_Hook->do_action, WP_Hook->apply_filters, Cartflows_Ca_Update::init, Cartflows_Ca_Update::update_table_with_default_settings, CARTFLOWS_CA_Loader->initialize_cart_abandonment_tables, Cartflows_Ca_Cart_Abandonment_Db->template_table_seeder
[09-Jun-2021 10:50:06 UTC] WordPress database error Duplicate entry '12' for key 'PRIMARY' for query INSERT INTO wp_cartflows_ca_email_templates_meta ( `id`, `email_template_id`, `meta_key`, `meta_value` ) 
						   VALUES ( 12, 0, 'discount_type', 'percent' ) made by do_action('admin_init'), WP_Hook->do_action, WP_Hook->apply_filters, Cartflows_Ca_Update::init, Cartflows_Ca_Update::update_table_with_default_settings, CARTFLOWS_CA_Loader->initialize_cart_abandonment_tables, Cartflows_Ca_Cart_Abandonment_Db->template_table_seeder
[09-Jun-2021 10:50:06 UTC] WordPress database error Duplicate entry '13' for key 'PRIMARY' for query INSERT INTO wp_cartflows_ca_email_templates_meta ( `id`, `email_template_id`, `meta_key`, `meta_value` ) 
						   VALUES ( 13, 0, 'coupon_amount', '10' ) made by do_action('admin_init'), WP_Hook->do_action, WP_Hook->apply_filters, Cartflows_Ca_Update::init, Cartflows_Ca_Update::update_table_with_default_settings, CARTFLOWS_CA_Loader->initialize_cart_abandonment_tables, Cartflows_Ca_Cart_Abandonment_Db->template_table_seeder
[09-Jun-2021 10:50:06 UTC] WordPress database error Duplicate entry '14' for key 'PRIMARY' for query INSERT INTO wp_cartflows_ca_email_templates_meta ( `id`, `email_template_id`, `meta_key`, `meta_value` ) 
						   VALUES ( 14, 0, 'coupon_expiry_date', '' ) made by do_action('admin_init'), WP_Hook->do_action, WP_Hook->apply_filters, Cartflows_Ca_Update::init, Cartflows_Ca_Update::update_table_with_default_settings, CARTFLOWS_CA_Loader->initialize_cart_abandonment_tables, Cartflows_Ca_Cart_Abandonment_Db->template_table_seeder
[09-Jun-2021 10:50:06 UTC] WordPress database error Duplicate entry '15' for key 'PRIMARY' for query INSERT INTO wp_cartflows_ca_email_templates_meta ( `id`, `email_template_id`, `meta_key`, `meta_value` ) 
						   VALUES ( 15, 0, 'coupon_expiry_unit', 'hours' ) made by do_action('admin_init'), WP_Hook->do_action, WP_Hook->apply_filters, Cartflows_Ca_Update::init, Cartflows_Ca_Update::update_table_with_default_settings, CARTFLOWS_CA_Loader->initialize_cart_abandonment_tables, Cartflows_Ca_Cart_Abandonment_Db->template_table_seeder
